[2021-06-21 13:36:38,486] SEVERE {b7a.log.crash} - kalaiyarasiganeshalingam/chat_room/0_1_0/getMessageFrame 
java.lang.NoClassDefFoundError: kalaiyarasiganeshalingam/chat_room/0_1_0/getMessageFrame
	at kalaiyarasiganeshalingam.chat_room.0_1_0.chat_room.getMessage(chat_room.bal:33)
	at kalaiyarasiganeshalingam.chat_room.0_1_0.chat_room.main(chat_room.bal:11)
	at kalaiyarasiganeshalingam.chat_room.0_1_0.$_init.$lambda$main$(chat_room)
	at io.ballerina.runtime.internal.scheduling.SchedulerItem.execute(Scheduler.java:597)
	at io.ballerina.runtime.internal.scheduling.Scheduler.run(Scheduler.java:327)
	at io.ballerina.runtime.internal.scheduling.Scheduler.runSafely(Scheduler.java:295)
	at java.base/java.lang.Thread.run(Thread.java:834)
Caused by: java.lang.ClassNotFoundException: kalaiyarasiganeshalingam.chat_room.0_1_0.getMessageFrame
	at java.base/jdk.internal.loader.BuiltinClassLoader.loadClass(BuiltinClassLoader.java:581)
	at java.base/jdk.internal.loader.ClassLoaders$AppClassLoader.loadClass(ClassLoaders.java:178)
	at java.base/java.lang.ClassLoader.loadClass(ClassLoader.java:522)
	... 7 more
 
[2021-06-21 13:36:38,501] SEVERE {b7a.log.crash} - kalaiyarasiganeshalingam/chat_room/0_1_0/getMessageFrame 
java.lang.NoClassDefFoundError: kalaiyarasiganeshalingam/chat_room/0_1_0/getMessageFrame
	at kalaiyarasiganeshalingam.chat_room.0_1_0.chat_room.getMessage(chat_room.bal:33)
	at kalaiyarasiganeshalingam.chat_room.0_1_0.chat_room.main(chat_room.bal:11)
	at kalaiyarasiganeshalingam.chat_room.0_1_0.$_init.$lambda$main$(chat_room)
	at io.ballerina.runtime.internal.scheduling.SchedulerItem.execute(Scheduler.java:597)
	at io.ballerina.runtime.internal.scheduling.Scheduler.run(Scheduler.java:327)
	at io.ballerina.runtime.internal.scheduling.Scheduler.runSafely(Scheduler.java:295)
	at java.base/java.lang.Thread.run(Thread.java:834)
Caused by: java.lang.ClassNotFoundException: kalaiyarasiganeshalingam.chat_room.0_1_0.getMessageFrame
	at java.base/jdk.internal.loader.BuiltinClassLoader.loadClass(BuiltinClassLoader.java:581)
	at java.base/jdk.internal.loader.ClassLoaders$AppClassLoader.loadClass(ClassLoaders.java:178)
	at java.base/java.lang.ClassLoader.loadClass(ClassLoader.java:522)
	... 7 more
 
[2021-06-21 13:36:38,505] SEVERE {b7a.log.crash} - class ballerina.websocket.1_2_0-beta_1.Client_readTextMessageFrame cannot be cast to class kalaiyarasiganeshalingam.chat_room.0_1_0.mainFrame (ballerina.websocket.1_2_0-beta_1.Client_readTextMessageFrame and kalaiyarasiganeshalingam.chat_room.0_1_0.mainFrame are in unnamed module of loader 'app') 
java.lang.ClassCastException: class ballerina.websocket.1_2_0-beta_1.Client_readTextMessageFrame cannot be cast to class kalaiyarasiganeshalingam.chat_room.0_1_0.mainFrame (ballerina.websocket.1_2_0-beta_1.Client_readTextMessageFrame and kalaiyarasiganeshalingam.chat_room.0_1_0.mainFrame are in unnamed module of loader 'app')
	at kalaiyarasiganeshalingam.chat_room.0_1_0.chat_room.main(chat_room.bal:8)
	at kalaiyarasiganeshalingam.chat_room.0_1_0.$_init.$lambda$main$(chat_room)
	at io.ballerina.runtime.internal.scheduling.SchedulerItem.execute(Scheduler.java:597)
	at io.ballerina.runtime.internal.scheduling.Scheduler.run(Scheduler.java:327)
	at io.ballerina.runtime.internal.scheduling.Scheduler.runSafely(Scheduler.java:295)
	at java.base/java.lang.Thread.run(Thread.java:834)
 
[2021-06-21 13:36:38,508] SEVERE {b7a.log.crash} - class ballerina.websocket.1_2_0-beta_1.Client_readTextMessageFrame cannot be cast to class kalaiyarasiganeshalingam.chat_room.0_1_0.mainFrame (ballerina.websocket.1_2_0-beta_1.Client_readTextMessageFrame and kalaiyarasiganeshalingam.chat_room.0_1_0.mainFrame are in unnamed module of loader 'app') 
java.lang.ClassCastException: class ballerina.websocket.1_2_0-beta_1.Client_readTextMessageFrame cannot be cast to class kalaiyarasiganeshalingam.chat_room.0_1_0.mainFrame (ballerina.websocket.1_2_0-beta_1.Client_readTextMessageFrame and kalaiyarasiganeshalingam.chat_room.0_1_0.mainFrame are in unnamed module of loader 'app')
	at kalaiyarasiganeshalingam.chat_room.0_1_0.chat_room.main(chat_room.bal:8)
	at kalaiyarasiganeshalingam.chat_room.0_1_0.$_init.$lambda$main$(chat_room)
	at io.ballerina.runtime.internal.scheduling.SchedulerItem.execute(Scheduler.java:597)
	at io.ballerina.runtime.internal.scheduling.Scheduler.run(Scheduler.java:327)
	at io.ballerina.runtime.internal.scheduling.Scheduler.runSafely(Scheduler.java:295)
	at java.base/java.lang.Thread.run(Thread.java:834)
 
